<?xml version="1.0" encoding="UTF-8"?>
<!-- Generated by org.testng.reporters.JUnitXMLReporter -->
<testsuite ignored="0" hostname="DESKTOP-GUHFHNS" failures="1" tests="40" name="Test" time="123.45" errors="0" timestamp="2022-07-11T16:36:44 EDT">
  <testcase classname="com.dsalgo.testcases.Getstartedtest" name="Getstarted" time="1.924"/>
  <testcase classname="com.dsalgo.testcases.Homepagetest" name="hometest" time="1.807">
    <failure type="java.lang.AssertionError" message="expected [true] but found [false]">
      <![CDATA[java.lang.AssertionError: expected [true] but found [false]
at com.dsalgo.testcases.Homepagetest.hometest(Homepagetest.java:21)
at java.base/java.util.ArrayList.forEach(ArrayList.java:1511)
... Removed 31 stack frames]]>
    </failure>
  </testcase> <!-- hometest -->
  <testcase classname="com.dsalgo.testcases.Homepagetest" name="validate_panecount" time="0.08"/>
  <testcase classname="com.dsalgo.testcases.Homepagetest" name="validate_dropdownoptions" time="0.472"/>
  <testcase classname="com.dsalgo.testcases.Homepagetest" name="Getstart_withoutlogin" time="0.945"/>
  <testcase classname="com.dsalgo.testcases.Homepagetest" name="select_Arrays_dropdown" time="0.736"/>
  <testcase classname="com.dsalgo.testcases.Homepagetest" name="click_loginfrmhome" time="0.691"/>
  <testcase classname="com.dsalgo.testcases.Homepagetest" name="click_registerfrmhome" time="0.845"/>
  <testcase classname="com.dsalgo.testcases.Registrationtest_new" name="invalid_data" time="3.362"/>
  <testcase classname="com.dsalgo.testcases.Registrationtest_new" name="Validate_withallempty" time="0.274"/>
  <testcase classname="com.dsalgo.testcases.Registrationtest_new" name="Validate_withpwdempty" time="0.317"/>
  <testcase classname="com.dsalgo.testcases.Registrationtest_new" name="Validate_with_cfmpwd_empty" time="0.817"/>
  <testcase classname="com.dsalgo.testcases.TC_Logintest_datadriven" name="logintest" time="4.759"/>
  <testcase classname="com.dsalgo.testcases.TC_Logintest_datadriven" name="logintest" time="2.842"/>
  <testcase classname="com.dsalgo.testcases.TC_Logintest_datadriven" name="logintest" time="3.403"/>
  <testcase classname="com.dsalgo.testcases.TC_Logintest_datadriven" name="logintest" time="3.448"/>
  <testcase classname="com.dsalgo.testcases.Arraypagetest" name="Arraypagetest1" time="7.256"/>
  <testcase classname="com.dsalgo.testcases.Arraypagetest" name="Arraypagetest2" time="1.811"/>
  <testcase classname="com.dsalgo.testcases.Arraypagetest" name="Arraypagetest3" time="1.437"/>
  <testcase classname="com.dsalgo.testcases.Arraypagetest" name="Arraypagetest4" time="2.342"/>
  <testcase classname="com.dsalgo.testcases.Arraypagetest" name="validate_Praticelink1" time="1.996"/>
  <testcase classname="com.dsalgo.testcases.Arraypagetest" name="validate_Praticelink2" time="0.914"/>
  <testcase classname="com.dsalgo.testcases.Arraypagetest" name="validate_Praticelink3" time="0.88"/>
  <testcase classname="com.dsalgo.testcases.Arraypagetest" name="validate_Praticelink4" time="0.936"/>
  <testcase classname="com.dsalgo.testcases.Treepagetest" name="treetest" time="6.855"/>
  <testcase classname="com.dsalgo.testcases.Treepagetest" name="validate_treelink2" time="1.293"/>
  <testcase classname="com.dsalgo.testcases.Treepagetest" name="validate_treelink3" time="1.464"/>
  <testcase classname="com.dsalgo.testcases.Treepagetest" name="validate_treelink4" time="2.007"/>
  <testcase classname="com.dsalgo.testcases.Treepagetest" name="validate_treelink5" time="1.948"/>
  <testcase classname="com.dsalgo.testcases.Treepagetest" name="validate_treelink6" time="1.235"/>
  <testcase classname="com.dsalgo.testcases.Treepagetest" name="validate_treelink7" time="1.138"/>
  <testcase classname="com.dsalgo.testcases.Treepagetest" name="validate_treelink8" time="1.125"/>
  <testcase classname="com.dsalgo.testcases.Treepagetest" name="validate_treelink9" time="1.276"/>
  <testcase classname="com.dsalgo.testcases.Treepagetest" name="validate_treelink10" time="1.158"/>
  <testcase classname="com.dsalgo.testcases.Treepagetest" name="validate_treelink11" time="1.172"/>
  <testcase classname="com.dsalgo.testcases.Treepagetest" name="validate_treelink12" time="2.009"/>
  <testcase classname="com.dsalgo.testcases.Treepagetest" name="validate_treelink13" time="1.104"/>
  <testcase classname="com.dsalgo.testcases.Login_alert_validation" name="logintest_invalidcredential" time="5.539"/>
  <testcase classname="com.dsalgo.testcases.Login_alert_validation" name="logintest_pwdempty" time="2.939"/>
  <testcase classname="com.dsalgo.testcases.Login_alert_validation" name="logintest_userempty" time="2.616"/>
</testsuite> <!-- Test -->
